Active-HDL 11.1.262.7351 2020-05-05 14:09:29

Elaboration top modules:
Architecture                  not_gate1(not_gate)


----------------------------------------------------------------------------------------------
Entity   | Architecture | Library      | Info | Compiler Version        | Compilation Options
----------------------------------------------------------------------------------------------
not_gate | not_gate1    | GatesLibrary |      | 11.1.262.7351 (Windows) | -O3
----------------------------------------------------------------------------------------------

----------------------------------------------------------------------------------------------
VHDL Package            | Library      | Info | Compiler Version        | Compilation Options
----------------------------------------------------------------------------------------------
standard                | std          |      |                         | <unavailable>
TEXTIO                  | std          |      |                         | <unavailable>
std_logic_1164          | ieee         |      |                         | <unavailable>
----------------------------------------------------------------------------------------------

----------------------------------------------------------------------------------------------
Library                 | Comment
----------------------------------------------------------------------------------------------
GatesLibrary            | None
ieee                    | Standard IEEE packages library
std                     | Standard VHDL library
----------------------------------------------------------------------------------------------
