Active-HDL 11.1.262.7351 2020-05-15 22:19:30

Elaboration top modules:
Architecture                  and_gate3(and3_gate)


------------------------------------------------------------------------------------------
Entity    | Architecture | Library | Info | Compiler Version        | Compilation Options
------------------------------------------------------------------------------------------
and3_gate | and_gate3    | gates   |      | 11.1.262.7351 (Windows) | -O3
------------------------------------------------------------------------------------------

------------------------------------------------------------------------------------------
VHDL Package             | Library | Info | Compiler Version        | Compilation Options
------------------------------------------------------------------------------------------
standard                 | std     |      |                         | <unavailable>
TEXTIO                   | std     |      |                         | <unavailable>
std_logic_1164           | ieee    |      |                         | <unavailable>
------------------------------------------------------------------------------------------

------------------------------------------------------------------------------------------
Library                  | Comment
------------------------------------------------------------------------------------------
gates                    | None
ieee                     | Standard IEEE packages library
std                      | Standard VHDL library
------------------------------------------------------------------------------------------
